CRITICAL - 2025-06-25 02:08:28 --> Error: Class "Codeigniter\Controller" not found
[Method: POST, Route: enviarlogin]
in APPPATH\Controllers\Login_Controller.php on line 6.
 1 SYSTEMPATH\Autoloader\Autoloader.php(316): include_once()
 2 SYSTEMPATH\Autoloader\Autoloader.php(295): CodeIgniter\Autoloader\Autoloader->includeFile('C:\\xampp\\htdocs\\PROT3_44826227\\tramo3\\app\\Controllers\\Login_Controller.php')
 3 SYSTEMPATH\Autoloader\Autoloader.php(271): CodeIgniter\Autoloader\Autoloader->loadInNamespace('App\\Controllers\\Login_Controller')
 4 [internal function]: CodeIgniter\Autoloader\Autoloader->loadClass('App\\Controllers\\Login_Controller')
 5 SYSTEMPATH\CodeIgniter.php(885): class_exists('\\App\\Controllers\\Login_Controller', true)
 6 SYSTEMPATH\CodeIgniter.php(494): CodeIgniter\CodeIgniter->startController()
 7 SYSTEMPATH\CodeIgniter.php(354): CodeIgniter\CodeIgniter->handleRequest(null, Object(Config\Cache), false)
 8 SYSTEMPATH\Boot.php(334): CodeIgniter\CodeIgniter->run()
 9 SYSTEMPATH\Boot.php(67): CodeIgniter\Boot::runCodeIgniter(Object(CodeIgniter\CodeIgniter))
10 FCPATH\index.php(59): CodeIgniter\Boot::bootWeb(Object(Config\Paths))
CRITICAL - 2025-06-25 02:14:24 --> ErrorException: Undefined array key "pass"
[Method: POST, Route: enviarlogin]
in APPPATH\Controllers\Login_Controller.php on line 31.
 1 APPPATH\Controllers\Login_Controller.php(31): CodeIgniter\Debug\Exceptions->errorHandler(2, 'Undefined array key "pass"', 'C:\\xampp\\htdocs\\PROT3_44826227\\tramo3\\app\\Controllers\\Login_Controller.php', 31)
 2 SYSTEMPATH\CodeIgniter.php(933): App\Controllers\Login_Controller->auth()
 3 SYSTEMPATH\CodeIgniter.php(507): CodeIgniter\CodeIgniter->runController(Object(App\Controllers\Login_Controller))
 4 SYSTEMPATH\CodeIgniter.php(354): CodeIgniter\CodeIgniter->handleRequest(null, Object(Config\Cache), false)
 5 SYSTEMPATH\Boot.php(334): CodeIgniter\CodeIgniter->run()
 6 SYSTEMPATH\Boot.php(67): CodeIgniter\Boot::runCodeIgniter(Object(CodeIgniter\CodeIgniter))
 7 FCPATH\index.php(59): CodeIgniter\Boot::bootWeb(Object(Config\Paths))
CRITICAL - 2025-06-25 05:05:46 --> ErrorException: Undefined variable $perfil_id
[Method: GET, Route: login]
in APPPATH\Views\front\navbar_view.php on line 14.
 1 APPPATH\Views\front\navbar_view.php(14): CodeIgniter\Debug\Exceptions->errorHandler(2, 'Undefined variable $perfil_id', 'C:\\xampp\\htdocs\\PROT3_44826227\\tramo3\\app\\Views\\front\\navbar_view.php', 14)
 2 SYSTEMPATH\View\View.php(224): include('C:\\xampp\\htdocs\\PROT3_44826227\\tramo3\\app\\Views\\front\\navbar_view.php')
 3 SYSTEMPATH\View\View.php(227): CodeIgniter\View\View->CodeIgniter\View\{closure}()
 4 SYSTEMPATH\Common.php(1173): CodeIgniter\View\View->render('front/navbar_view', [], true)
 5 APPPATH\Controllers\Home.php(48): view('front/navbar_view')
 6 SYSTEMPATH\CodeIgniter.php(933): App\Controllers\Home->login()
 7 SYSTEMPATH\CodeIgniter.php(507): CodeIgniter\CodeIgniter->runController(Object(App\Controllers\Home))
 8 SYSTEMPATH\CodeIgniter.php(354): CodeIgniter\CodeIgniter->handleRequest(null, Object(Config\Cache), false)
 9 SYSTEMPATH\Boot.php(334): CodeIgniter\CodeIgniter->run()
10 SYSTEMPATH\Boot.php(67): CodeIgniter\Boot::runCodeIgniter(Object(CodeIgniter\CodeIgniter))
11 FCPATH\index.php(59): CodeIgniter\Boot::bootWeb(Object(Config\Paths))
CRITICAL - 2025-06-25 05:06:17 --> ErrorException: Undefined variable $id_perfil
[Method: GET, Route: login]
in APPPATH\Views\front\navbar_view.php on line 14.
 1 APPPATH\Views\front\navbar_view.php(14): CodeIgniter\Debug\Exceptions->errorHandler(2, 'Undefined variable $id_perfil', 'C:\\xampp\\htdocs\\PROT3_44826227\\tramo3\\app\\Views\\front\\navbar_view.php', 14)
 2 SYSTEMPATH\View\View.php(224): include('C:\\xampp\\htdocs\\PROT3_44826227\\tramo3\\app\\Views\\front\\navbar_view.php')
 3 SYSTEMPATH\View\View.php(227): CodeIgniter\View\View->CodeIgniter\View\{closure}()
 4 SYSTEMPATH\Common.php(1173): CodeIgniter\View\View->render('front/navbar_view', [], true)
 5 APPPATH\Controllers\Home.php(48): view('front/navbar_view')
 6 SYSTEMPATH\CodeIgniter.php(933): App\Controllers\Home->login()
 7 SYSTEMPATH\CodeIgniter.php(507): CodeIgniter\CodeIgniter->runController(Object(App\Controllers\Home))
 8 SYSTEMPATH\CodeIgniter.php(354): CodeIgniter\CodeIgniter->handleRequest(null, Object(Config\Cache), false)
 9 SYSTEMPATH\Boot.php(334): CodeIgniter\CodeIgniter->run()
10 SYSTEMPATH\Boot.php(67): CodeIgniter\Boot::runCodeIgniter(Object(CodeIgniter\CodeIgniter))
11 FCPATH\index.php(59): CodeIgniter\Boot::bootWeb(Object(Config\Paths))
